<?xml version="1.0" encoding="UTF-8"?>
<!-- Generated by org.testng.reporters.JUnitXMLReporter -->
<testsuite ignored="0" hostname="LAPTOP-82MTS776" failures="0" tests="1" name="Test" time="14.895" errors="0" timestamp="2022-09-14T14:33:35 IST">
  <testcase classname="org.generic.BaseClass" name="@BeforeClass classSetup" time="14.813">
    <failure type="org.openqa.selenium.WebDriverException" message="unknown error: net::ERR_NAME_NOT_RESOLVED
  (Session info: chrome=105.0.5195.125)
Build info: version: &amp;apos;4.4.0&amp;apos;, revision: &amp;apos;e5c75ed026a&amp;apos;
System info: host: &amp;apos;LAPTOP-82MTS776&amp;apos;, ip: &amp;apos;192.168.161.242&amp;apos;, os.name: &amp;apos;Windows 10&amp;apos;, os.arch: &amp;apos;amd64&amp;apos;, os.version: &amp;apos;10.0&amp;apos;, java.version: &amp;apos;17.0.1&amp;apos;
Driver info: org.openqa.selenium.chrome.ChromeDriver
Command: [0211e3acb80114183a61bee8f15927e2, get {url=http:http://rmgtestingserver:8888}]
Capabilities {acceptInsecureCerts: false, browserName: chrome, browserVersion: 105.0.5195.125, chrome: {chromedriverVersion: 105.0.5195.19 (b9c217c128c1..., userDataDir: C:\Users\rohit\AppData\Loca...}, goog:chromeOptions: {debuggerAddress: localhost:54399}, networkConnectionEnabled: false, pageLoadStrategy: normal, platformName: WINDOWS, proxy: Proxy(), se:cdp: ws://localhost:54399/devtoo..., se:cdpVersion: 105.0.5195.125, setWindowRect: true, strictFileInteractability: false, timeouts: {implicit: 0, pageLoad: 300000, script: 30000}, unhandledPromptBehavior: dismiss and notify, webauthn:extension:credBlob: true, webauthn:extension:largeBlob: true, webauthn:virtualAuthenticators: true}
Session ID: 0211e3acb80114183a61bee8f15927e2">
      <![CDATA[org.openqa.selenium.WebDriverException: unknown error: net::ERR_NAME_NOT_RESOLVED
  (Session info: chrome=105.0.5195.125)
Build info: version: '4.4.0', revision: 'e5c75ed026a'
System info: host: 'LAPTOP-82MTS776', ip: '192.168.161.242', os.name: 'Windows 10', os.arch: 'amd64', os.version: '10.0', java.version: '17.0.1'
Driver info: org.openqa.selenium.chrome.ChromeDriver
Command: [0211e3acb80114183a61bee8f15927e2, get {url=http:http://rmgtestingserver:8888}]
Capabilities {acceptInsecureCerts: false, browserName: chrome, browserVersion: 105.0.5195.125, chrome: {chromedriverVersion: 105.0.5195.19 (b9c217c128c1..., userDataDir: C:\Users\rohit\AppData\Loca...}, goog:chromeOptions: {debuggerAddress: localhost:54399}, networkConnectionEnabled: false, pageLoadStrategy: normal, platformName: WINDOWS, proxy: Proxy(), se:cdp: ws://localhost:54399/devtoo..., se:cdpVersion: 105.0.5195.125, setWindowRect: true, strictFileInteractability: false, timeouts: {implicit: 0, pageLoad: 300000, script: 30000}, unhandledPromptBehavior: dismiss and notify, webauthn:extension:credBlob: true, webauthn:extension:largeBlob: true, webauthn:virtualAuthenticators: true}
Session ID: 0211e3acb80114183a61bee8f15927e2
at org.openqa.selenium.remote.codec.w3c.W3CHttpResponseCodec.createException(W3CHttpResponseCodec.java:200)
at org.openqa.selenium.remote.codec.w3c.W3CHttpResponseCodec.decode(W3CHttpResponseCodec.java:133)
at org.openqa.selenium.remote.codec.w3c.W3CHttpResponseCodec.decode(W3CHttpResponseCodec.java:53)
at org.openqa.selenium.remote.HttpCommandExecutor.execute(HttpCommandExecutor.java:184)
at org.openqa.selenium.remote.service.DriverCommandExecutor.invokeExecute(DriverCommandExecutor.java:167)
at org.openqa.selenium.remote.service.DriverCommandExecutor.execute(DriverCommandExecutor.java:142)
at org.openqa.selenium.remote.RemoteWebDriver.execute(RemoteWebDriver.java:547)
at org.openqa.selenium.remote.RemoteWebDriver.get(RemoteWebDriver.java:310)
at org.generic.WebDriverUtility.navigateApplication(WebDriverUtility.java:59)
at org.generic.WebDriverUtility.openBrowserWithApplication(WebDriverUtility.java:67)
at org.generic.BaseClass.classSetup(BaseClass.java:49)
at java.base/java.util.ArrayList.forEach(ArrayList.java:1511)
... Removed 30 stack frames]]>
    </failure>
  </testcase> <!-- @BeforeClass classSetup -->
  <testcase classname="org.generic.BaseClass" name="@BeforeMethod methodSetup1" time="-1.663146215244E9">
    <skipped/>
  </testcase> <!-- @BeforeMethod methodSetup1 -->
  <testcase classname="org.generic.BaseClass" name="@AfterMethod methodTearDown" time="-1.663146215257E9">
    <skipped/>
  </testcase> <!-- @AfterMethod methodTearDown -->
  <testcase classname="org.generic.BaseClass" name="@AfterClass classTearDown" time="-1.663146215257E9">
    <skipped/>
  </testcase> <!-- @AfterClass classTearDown -->
  <testcase classname="org.sdet40.TestNGpractice.ScreenshotPractice" name="screenShot" time="0.0">
    <skipped/>
  </testcase> <!-- screenShot -->
</testsuite> <!-- Test -->
